Determining if the Q_WS_WIN exist failed with the following output:
Change Dir: /home/cbn/geantWorks/patentWorks/detailSim/deneme7_2/build/CMakeFiles/CMakeTmp

Run Build Command:"/usr/bin/gmake" "cmTC_41ef7/fast"
/usr/bin/gmake -f CMakeFiles/cmTC_41ef7.dir/build.make CMakeFiles/cmTC_41ef7.dir/build
gmake[1]: Entering directory '/home/cbn/geantWorks/patentWorks/detailSim/deneme7_2/build/CMakeFiles/CMakeTmp'
Building CXX object CMakeFiles/cmTC_41ef7.dir/CheckSymbolExists.cxx.o
/usr/bin/c++   -I/usr/include/qt4   -o CMakeFiles/cmTC_41ef7.dir/CheckSymbolExists.cxx.o -c /home/cbn/geantWorks/patentWorks/detailSim/deneme7_2/build/CMakeFiles/CMakeTmp/CheckSymbolExists.cxx
/home/cbn/geantWorks/patentWorks/detailSim/deneme7_2/build/CMakeFiles/CMakeTmp/CheckSymbolExists.cxx: In function ‘int main(int, char**)’:
/home/cbn/geantWorks/patentWorks/detailSim/deneme7_2/build/CMakeFiles/CMakeTmp/CheckSymbolExists.cxx:8:19: error: ‘Q_WS_WIN’ was not declared in this scope
   return ((int*)(&Q_WS_WIN))[argc];
                   ^~~~~~~~
/home/cbn/geantWorks/patentWorks/detailSim/deneme7_2/build/CMakeFiles/CMakeTmp/CheckSymbolExists.cxx:8:19: note: suggested alternative: ‘Q_WS_X11’
   return ((int*)(&Q_WS_WIN))[argc];
                   ^~~~~~~~
                   Q_WS_X11
CMakeFiles/cmTC_41ef7.dir/build.make:65: recipe for target 'CMakeFiles/cmTC_41ef7.dir/CheckSymbolExists.cxx.o' failed
gmake[1]: *** [CMakeFiles/cmTC_41ef7.dir/CheckSymbolExists.cxx.o] Error 1
gmake[1]: Leaving directory '/home/cbn/geantWorks/patentWorks/detailSim/deneme7_2/build/CMakeFiles/CMakeTmp'
Makefile:126: recipe for target 'cmTC_41ef7/fast' failed
gmake: *** [cmTC_41ef7/fast] Error 2

File /home/cbn/geantWorks/patentWorks/detailSim/deneme7_2/build/CMakeFiles/CMakeTmp/CheckSymbolExists.cxx:
/* */
#include <QtCore/qglobal.h>

int main(int argc, char** argv)
{
  (void)argv;
#ifndef Q_WS_WIN
  return ((int*)(&Q_WS_WIN))[argc];
#else
  (void)argc;
  return 0;
#endif
}

Determining if the Q_WS_QWS exist failed with the following output:
Change Dir: /home/cbn/geantWorks/patentWorks/detailSim/deneme7_2/build/CMakeFiles/CMakeTmp

Run Build Command:"/usr/bin/gmake" "cmTC_13443/fast"
/usr/bin/gmake -f CMakeFiles/cmTC_13443.dir/build.make CMakeFiles/cmTC_13443.dir/build
gmake[1]: Entering directory '/home/cbn/geantWorks/patentWorks/detailSim/deneme7_2/build/CMakeFiles/CMakeTmp'
Building CXX object CMakeFiles/cmTC_13443.dir/CheckSymbolExists.cxx.o
/usr/bin/c++   -I/usr/include/qt4   -o CMakeFiles/cmTC_13443.dir/CheckSymbolExists.cxx.o -c /home/cbn/geantWorks/patentWorks/detailSim/deneme7_2/build/CMakeFiles/CMakeTmp/CheckSymbolExists.cxx
/home/cbn/geantWorks/patentWorks/detailSim/deneme7_2/build/CMakeFiles/CMakeTmp/CheckSymbolExists.cxx: In function ‘int main(int, char**)’:
/home/cbn/geantWorks/patentWorks/detailSim/deneme7_2/build/CMakeFiles/CMakeTmp/CheckSymbolExists.cxx:8:19: error: ‘Q_WS_QWS’ was not declared in this scope
   return ((int*)(&Q_WS_QWS))[argc];
                   ^~~~~~~~
/home/cbn/geantWorks/patentWorks/detailSim/deneme7_2/build/CMakeFiles/CMakeTmp/CheckSymbolExists.cxx:8:19: note: suggested alternative: ‘Q_WS_X11’
   return ((int*)(&Q_WS_QWS))[argc];
                   ^~~~~~~~
                   Q_WS_X11
CMakeFiles/cmTC_13443.dir/build.make:65: recipe for target 'CMakeFiles/cmTC_13443.dir/CheckSymbolExists.cxx.o' failed
gmake[1]: *** [CMakeFiles/cmTC_13443.dir/CheckSymbolExists.cxx.o] Error 1
gmake[1]: Leaving directory '/home/cbn/geantWorks/patentWorks/detailSim/deneme7_2/build/CMakeFiles/CMakeTmp'
Makefile:126: recipe for target 'cmTC_13443/fast' failed
gmake: *** [cmTC_13443/fast] Error 2

File /home/cbn/geantWorks/patentWorks/detailSim/deneme7_2/build/CMakeFiles/CMakeTmp/CheckSymbolExists.cxx:
/* */
#include <QtCore/qglobal.h>

int main(int argc, char** argv)
{
  (void)argv;
#ifndef Q_WS_QWS
  return ((int*)(&Q_WS_QWS))[argc];
#else
  (void)argc;
  return 0;
#endif
}

Determining if the Q_WS_MAC exist failed with the following output:
Change Dir: /home/cbn/geantWorks/patentWorks/detailSim/deneme7_2/build/CMakeFiles/CMakeTmp

Run Build Command:"/usr/bin/gmake" "cmTC_ce29a/fast"
/usr/bin/gmake -f CMakeFiles/cmTC_ce29a.dir/build.make CMakeFiles/cmTC_ce29a.dir/build
gmake[1]: Entering directory '/home/cbn/geantWorks/patentWorks/detailSim/deneme7_2/build/CMakeFiles/CMakeTmp'
Building CXX object CMakeFiles/cmTC_ce29a.dir/CheckSymbolExists.cxx.o
/usr/bin/c++   -I/usr/include/qt4   -o CMakeFiles/cmTC_ce29a.dir/CheckSymbolExists.cxx.o -c /home/cbn/geantWorks/patentWorks/detailSim/deneme7_2/build/CMakeFiles/CMakeTmp/CheckSymbolExists.cxx
/home/cbn/geantWorks/patentWorks/detailSim/deneme7_2/build/CMakeFiles/CMakeTmp/CheckSymbolExists.cxx: In function ‘int main(int, char**)’:
/home/cbn/geantWorks/patentWorks/detailSim/deneme7_2/build/CMakeFiles/CMakeTmp/CheckSymbolExists.cxx:8:19: error: ‘Q_WS_MAC’ was not declared in this scope
   return ((int*)(&Q_WS_MAC))[argc];
                   ^~~~~~~~
/home/cbn/geantWorks/patentWorks/detailSim/deneme7_2/build/CMakeFiles/CMakeTmp/CheckSymbolExists.cxx:8:19: note: suggested alternative: ‘Q_WS_X11’
   return ((int*)(&Q_WS_MAC))[argc];
                   ^~~~~~~~
                   Q_WS_X11
CMakeFiles/cmTC_ce29a.dir/build.make:65: recipe for target 'CMakeFiles/cmTC_ce29a.dir/CheckSymbolExists.cxx.o' failed
gmake[1]: *** [CMakeFiles/cmTC_ce29a.dir/CheckSymbolExists.cxx.o] Error 1
gmake[1]: Leaving directory '/home/cbn/geantWorks/patentWorks/detailSim/deneme7_2/build/CMakeFiles/CMakeTmp'
Makefile:126: recipe for target 'cmTC_ce29a/fast' failed
gmake: *** [cmTC_ce29a/fast] Error 2

File /home/cbn/geantWorks/patentWorks/detailSim/deneme7_2/build/CMakeFiles/CMakeTmp/CheckSymbolExists.cxx:
/* */
#include <QtCore/qglobal.h>

int main(int argc, char** argv)
{
  (void)argv;
#ifndef Q_WS_MAC
  return ((int*)(&Q_WS_MAC))[argc];
#else
  (void)argc;
  return 0;
#endif
}

